2024-08-31 12:54:04 [main] INFO  o.e.b.s.listener.DatabaseInitializer - Initializing database...
2024-08-31 12:54:04 [main] INFO  o.e.b.utilities.DatabaseInitializer - Starting database initialization...
2024-08-31 12:54:04 [main] INFO  o.e.b.utilities.ConnectionFactory - Loading database properties from database.properties
2024-08-31 12:54:04 [main] INFO  o.e.b.utilities.ConnectionFactory - Database properties loaded successfully. URL: jdbc:mysql://localhost:3306/bookshop_db_v4
2024-08-31 12:54:04 [main] INFO  o.e.b.utilities.ConnectionFactory - Parsed database name: bookshop_db_v4
2024-08-31 12:54:04 [main] INFO  o.e.b.utilities.ConnectionFactory - Loading MySQL JDBC Driver
2024-08-31 12:54:04 [main] INFO  o.e.b.utilities.ConnectionFactory - MySQL JDBC Driver registered successfully
2024-08-31 12:54:04 [main] INFO  o.e.b.utilities.ConnectionFactory - Dropping and recreating database bookshop_db_v4
2024-08-31 12:54:05 [main] INFO  o.e.b.utilities.ConnectionFactory - Database {} dropped and created bookshop_db_v4
2024-08-31 12:54:05 [main] INFO  o.e.b.utilities.ConnectionFactory - Attempting to establish database connection to bookshop_db_v4...
2024-08-31 12:54:05 [main] INFO  o.e.b.utilities.ConnectionFactory - Database connection established successfully.
2024-08-31 12:54:05 [main] INFO  o.e.b.utilities.DatabaseInitializer - Database connection established.
2024-08-31 12:54:05 [main] INFO  o.e.b.utilities.DatabaseInitializer - Executing script: schema.sql
2024-08-31 12:54:05 [main] INFO  o.e.b.utilities.DatabaseInitializer - Script schema.sql executed successfully
2024-08-31 12:54:05 [main] INFO  o.e.b.utilities.DatabaseInitializer - Executing script: data.sql
2024-08-31 12:54:05 [main] INFO  o.e.b.utilities.DatabaseInitializer - Script data.sql executed successfully
2024-08-31 12:54:05 [main] INFO  o.e.b.utilities.DatabaseInitializer - Database initialization completed successfully.
2024-08-31 12:54:05 [main] INFO  o.e.b.s.listener.DatabaseInitializer - Database initialized successfully.
2024-08-31 12:54:05 [main] INFO  o.e.b.s.listener.LoggingInitializer - Initializing logging for the application
2024-08-31 12:54:09 [Thread-1] INFO  o.e.b.s.listener.LoggingInitializer - Application shutting down
